This is pdfTeX, Version 3.141592653-2.6-1.40.24 (TeX Live 2022) (preloaded format=pdflatex 2022.11.10)  11 DEC 2022 20:22
entering extended mode
 restricted \write18 enabled.
 file:line:error style messages enabled.
 %&-line parsing enabled.
**c:/Users/jozef/Documents/Github/keeptrack/interim/interim.tex
(c:/Users/jozef/Documents/Github/keeptrack/interim/interim.tex
LaTeX2e <2022-11-01>
L3 programming layer <2022-11-02> (c:/texlive/2022/texmf-dist/tex/latex/base/article.cls
Document Class: article 2022/07/02 v1.4n Standard LaTeX document class
(c:/texlive/2022/texmf-dist/tex/latex/base/size11.clo
File: size11.clo 2022/07/02 v1.4n Standard LaTeX file (size option)
)
\c@part=\count185
\c@section=\count186
\c@subsection=\count187
\c@subsubsection=\count188
\c@paragraph=\count189
\c@subparagraph=\count190
\c@figure=\count191
\c@table=\count192
\abovecaptionskip=\skip47
\belowcaptionskip=\skip48
\bibindent=\dimen140
) (c:/texlive/2022/texmf-dist/tex/latex/geometry/geometry.sty
Package: geometry 2020/01/02 v5.9 Page Geometry
 (c:/texlive/2022/texmf-dist/tex/latex/graphics/keyval.sty
Package: keyval 2022/05/29 v1.15 key=value parser (DPC)
\KV@toks@=\toks16
) (c:/texlive/2022/texmf-dist/tex/generic/iftex/ifvtex.sty
Package: ifvtex 2019/10/25 v1.7 ifvtex legacy package. Use iftex instead.
 (c:/texlive/2022/texmf-dist/tex/generic/iftex/iftex.sty
Package: iftex 2022/02/03 v1.0f TeX engine tests
))
\Gm@cnth=\count193
\Gm@cntv=\count194
\c@Gm@tempcnt=\count195
\Gm@bindingoffset=\dimen141
\Gm@wd@mp=\dimen142
\Gm@odd@mp=\dimen143
\Gm@even@mp=\dimen144
\Gm@layoutwidth=\dimen145
\Gm@layoutheight=\dimen146
\Gm@layouthoffset=\dimen147
\Gm@layoutvoffset=\dimen148
\Gm@dimlist=\toks17
) (c:/texlive/2022/texmf-dist/tex/latex/graphics/graphicx.sty
Package: graphicx 2021/09/16 v1.2d Enhanced LaTeX Graphics (DPC,SPQR)
 (c:/texlive/2022/texmf-dist/tex/latex/graphics/graphics.sty
Package: graphics 2022/03/10 v1.4e Standard LaTeX Graphics (DPC,SPQR)
 (c:/texlive/2022/texmf-dist/tex/latex/graphics/trig.sty
Package: trig 2021/08/11 v1.11 sin cos tan (DPC)
) (c:/texlive/2022/texmf-dist/tex/latex/graphics-cfg/graphics.cfg
File: graphics.cfg 2016/06/04 v1.11 sample graphics configuration
)
Package graphics Info: Driver file: pdftex.def on input line 107.
 (c:/texlive/2022/texmf-dist/tex/latex/graphics-def/pdftex.def
File: pdftex.def 2022/09/22 v1.2b Graphics/color driver for pdftex
))
\Gin@req@height=\dimen149
\Gin@req@width=\dimen150
) (c:/texlive/2022/texmf-dist/tex/latex/graphics/lscape.sty
Package: lscape 2020/05/28 v3.02 Landscape Pages (DPC)
) (c:/texlive/2022/texmf-dist/tex/latex/url/url.sty
\Urlmuskip=\muskip16
Package: url 2013/09/16  ver 3.4  Verb mode for urls, etc.
) (c:/texlive/2022/texmf-dist/tex/latex/wrapfig/wrapfig.sty
\wrapoverhang=\dimen151
\WF@size=\dimen152
\c@WF@wrappedlines=\count196
\WF@box=\box51
\WF@everypar=\toks18
Package: wrapfig 2003/01/31  v 3.6
) (c:/texlive/2022/texmf-dist/tex/latex/float/float.sty
Package: float 2001/11/08 v1.3d Float enhancements (AL)
\c@float@type=\count197
\float@exts=\toks19
\float@box=\box52
\@float@everytoks=\toks20
\@floatcapt=\box53
) (c:/texlive/2022/texmf-dist/tex/latex/base/textcomp.sty
Package: textcomp 2020/02/02 v2.0n Standard LaTeX package
) (c:/texlive/2022/texmf-dist/tex/latex/gensymb/gensymb.sty
Package: gensymb 2022/10/17 v1.0.2 (KJH)
) (c:/texlive/2022/texmf-dist/tex/latex/subfig/subfig.sty
Package: subfig 2005/06/28 ver: 1.3 subfig package
 (c:/texlive/2022/texmf-dist/tex/latex/caption/caption.sty
Package: caption 2022/03/01 v3.6b Customizing captions (AR)
 (c:/texlive/2022/texmf-dist/tex/latex/caption/caption3.sty
Package: caption3 2022/03/17 v2.3b caption3 kernel (AR)
\caption@tempdima=\dimen153
\captionmargin=\dimen154
\caption@leftmargin=\dimen155
\caption@rightmargin=\dimen156
\caption@width=\dimen157
\caption@indent=\dimen158
\caption@parindent=\dimen159
\caption@hangindent=\dimen160
Package caption Info: Standard document class detected.
)
\c@caption@flags=\count198
\c@continuedfloat=\count199
Package caption Info: float package is loaded.
Package caption Info: wrapfig package is loaded.
)
\c@KVtest=\count266
\sf@farskip=\skip49
\sf@captopadj=\dimen161
\sf@capskip=\skip50
\sf@nearskip=\skip51
\c@subfigure=\count267
\c@subfigure@save=\count268
\c@lofdepth=\count269
\c@subtable=\count270
\c@subtable@save=\count271
\c@lotdepth=\count272
\sf@top=\skip52
\sf@bottom=\skip53
) (c:/texlive/2022/texmf-dist/tex/latex/hyperref/hyperref.sty
Package: hyperref 2022-09-22 v7.00t Hypertext links for LaTeX
 (c:/texlive/2022/texmf-dist/tex/generic/ltxcmds/ltxcmds.sty
Package: ltxcmds 2020-05-10 v1.25 LaTeX kernel commands for general use (HO)
) (c:/texlive/2022/texmf-dist/tex/generic/pdftexcmds/pdftexcmds.sty
Package: pdftexcmds 2020-06-27 v0.33 Utility functions of pdfTeX for LuaTeX (HO)
 (c:/texlive/2022/texmf-dist/tex/generic/infwarerr/infwarerr.sty
Package: infwarerr 2019/12/03 v1.5 Providing info/warning/error messages (HO)
)
Package pdftexcmds Info: \pdf@primitive is available.
Package pdftexcmds Info: \pdf@ifprimitive is available.
Package pdftexcmds Info: \pdfdraftmode found.
) (c:/texlive/2022/texmf-dist/tex/latex/kvsetkeys/kvsetkeys.sty
Package: kvsetkeys 2022-10-05 v1.19 Key value parser (HO)
) (c:/texlive/2022/texmf-dist/tex/generic/kvdefinekeys/kvdefinekeys.sty
Package: kvdefinekeys 2019-12-19 v1.6 Define keys (HO)
) (c:/texlive/2022/texmf-dist/tex/generic/pdfescape/pdfescape.sty
Package: pdfescape 2019/12/09 v1.15 Implements pdfTeX's escape features (HO)
) (c:/texlive/2022/texmf-dist/tex/latex/hycolor/hycolor.sty
Package: hycolor 2020-01-27 v1.10 Color options for hyperref/bookmark (HO)
) (c:/texlive/2022/texmf-dist/tex/latex/letltxmacro/letltxmacro.sty
Package: letltxmacro 2019/12/03 v1.6 Let assignment for LaTeX macros (HO)
) (c:/texlive/2022/texmf-dist/tex/latex/auxhook/auxhook.sty
Package: auxhook 2019-12-17 v1.6 Hooks for auxiliary files (HO)
) (c:/texlive/2022/texmf-dist/tex/latex/hyperref/nameref.sty
Package: nameref 2022-05-17 v2.50 Cross-referencing by name of section
 (c:/texlive/2022/texmf-dist/tex/latex/refcount/refcount.sty
Package: refcount 2019/12/15 v3.6 Data extraction from label references (HO)
) (c:/texlive/2022/texmf-dist/tex/generic/gettitlestring/gettitlestring.sty
Package: gettitlestring 2019/12/15 v1.6 Cleanup title references (HO)
 (c:/texlive/2022/texmf-dist/tex/latex/kvoptions/kvoptions.sty
Package: kvoptions 2022-06-15 v3.15 Key value format for package options (HO)
))
\c@section@level=\count273
)
\@linkdim=\dimen162
\Hy@linkcounter=\count274
\Hy@pagecounter=\count275
 (c:/texlive/2022/texmf-dist/tex/latex/hyperref/pd1enc.def
File: pd1enc.def 2022-09-22 v7.00t Hyperref: PDFDocEncoding definition (HO)
Now handling font encoding PD1 ...
... no UTF-8 mapping file for font encoding PD1
) (c:/texlive/2022/texmf-dist/tex/generic/intcalc/intcalc.sty
Package: intcalc 2019/12/15 v1.3 Expandable calculations with integers (HO)
) (c:/texlive/2022/texmf-dist/tex/generic/etexcmds/etexcmds.sty
Package: etexcmds 2019/12/15 v1.7 Avoid name clashes with e-TeX commands (HO)
)
\Hy@SavedSpaceFactor=\count276
 (c:/texlive/2022/texmf-dist/tex/latex/hyperref/puenc.def
File: puenc.def 2022-09-22 v7.00t Hyperref: PDF Unicode definition (HO)
Now handling font encoding PU ...
... no UTF-8 mapping file for font encoding PU
)
Package hyperref Info: Hyper figures OFF on input line 4162.
Package hyperref Info: Link nesting OFF on input line 4167.
Package hyperref Info: Hyper index ON on input line 4170.
Package hyperref Info: Plain pages OFF on input line 4177.
Package hyperref Info: Backreferencing OFF on input line 4182.
Package hyperref Info: Implicit mode ON; LaTeX internals redefined.
Package hyperref Info: Bookmarks ON on input line 4410.
\c@Hy@tempcnt=\count277
LaTeX Info: Redefining \url on input line 4748.
\XeTeXLinkMargin=\dimen163
 (c:/texlive/2022/texmf-dist/tex/generic/bitset/bitset.sty
Package: bitset 2019/12/09 v1.3 Handle bit-vector datatype (HO)
 (c:/texlive/2022/texmf-dist/tex/generic/bigintcalc/bigintcalc.sty
Package: bigintcalc 2019/12/15 v1.5 Expandable calculations on big integers (HO)
))
\Fld@menulength=\count278
\Field@Width=\dimen164
\Fld@charsize=\dimen165
Package hyperref Info: Hyper figures OFF on input line 6027.
Package hyperref Info: Link nesting OFF on input line 6032.
Package hyperref Info: Hyper index ON on input line 6035.
Package hyperref Info: backreferencing OFF on input line 6042.
Package hyperref Info: Link coloring OFF on input line 6047.
Package hyperref Info: Link coloring with OCG OFF on input line 6052.
Package hyperref Info: PDF/A mode OFF on input line 6057.
 (c:/texlive/2022/texmf-dist/tex/latex/base/atbegshi-ltx.sty
Package: atbegshi-ltx 2021/01/10 v1.0c Emulation of the original atbegshi
package with kernel methods
)
\Hy@abspage=\count279
\c@Item=\count280
\c@Hfootnote=\count281
)
Package hyperref Info: Driver (autodetected): hpdftex.
 (c:/texlive/2022/texmf-dist/tex/latex/hyperref/hpdftex.def
File: hpdftex.def 2022-09-22 v7.00t Hyperref driver for pdfTeX
 (c:/texlive/2022/texmf-dist/tex/latex/base/atveryend-ltx.sty
Package: atveryend-ltx 2020/08/19 v1.0a Emulation of the original atveryend package
with kernel methods
)
\Fld@listcount=\count282
\c@bookmark@seq@number=\count283
 (c:/texlive/2022/texmf-dist/tex/latex/rerunfilecheck/rerunfilecheck.sty
Package: rerunfilecheck 2022-07-10 v1.10 Rerun checks for auxiliary files (HO)
 (c:/texlive/2022/texmf-dist/tex/generic/uniquecounter/uniquecounter.sty
Package: uniquecounter 2019/12/15 v1.4 Provide unlimited unique counter (HO)
)
Package uniquecounter Info: New unique counter `rerunfilecheck' on input line 285.
)
\Hy@SectionHShift=\skip54
) (c:/texlive/2022/texmf-dist/tex/latex/l3backend/l3backend-pdftex.def
File: l3backend-pdftex.def 2022-10-26 L3 backend support: PDF output (pdfTeX)
\l__color_backend_stack_int=\count284
\l__pdf_internal_box=\box54
) (./interim.aux)
\openout1 = `interim.aux'.

LaTeX Font Info:    Checking defaults for OML/cmm/m/it on input line 13.
LaTeX Font Info:    ... okay on input line 13.
LaTeX Font Info:    Checking defaults for OMS/cmsy/m/n on input line 13.
LaTeX Font Info:    ... okay on input line 13.
LaTeX Font Info:    Checking defaults for OT1/cmr/m/n on input line 13.
LaTeX Font Info:    ... okay on input line 13.
LaTeX Font Info:    Checking defaults for T1/cmr/m/n on input line 13.
LaTeX Font Info:    ... okay on input line 13.
LaTeX Font Info:    Checking defaults for TS1/cmr/m/n on input line 13.
LaTeX Font Info:    ... okay on input line 13.
LaTeX Font Info:    Checking defaults for OMX/cmex/m/n on input line 13.
LaTeX Font Info:    ... okay on input line 13.
LaTeX Font Info:    Checking defaults for U/cmr/m/n on input line 13.
LaTeX Font Info:    ... okay on input line 13.
LaTeX Font Info:    Checking defaults for PD1/pdf/m/n on input line 13.
LaTeX Font Info:    ... okay on input line 13.
LaTeX Font Info:    Checking defaults for PU/pdf/m/n on input line 13.
LaTeX Font Info:    ... okay on input line 13.

*geometry* driver: auto-detecting
*geometry* detected driver: pdftex
*geometry* verbose mode - [ preamble ] result:
* driver: pdftex
* paper: a4paper
* layout: <same size as paper>
* layoutoffset:(h,v)=(0.0pt,0.0pt)
* modes: 
* h-part:(L,W,R)=(86.72377pt, 424.06033pt, 86.72377pt)
* v-part:(T,H,B)=(86.72377pt, 671.5993pt, 86.72377pt)
* \paperwidth=597.50787pt
* \paperheight=845.04684pt
* \textwidth=424.06033pt
* \textheight=671.5993pt
* \oddsidemargin=14.45378pt
* \evensidemargin=14.45378pt
* \topmargin=-22.54622pt
* \headheight=12.0pt
* \headsep=25.0pt
* \topskip=11.0pt
* \footskip=30.0pt
* \marginparwidth=50.0pt
* \marginparsep=10.0pt
* \columnsep=10.0pt
* \skip\footins=10.0pt plus 4.0pt minus 2.0pt
* \hoffset=0.0pt
* \voffset=0.0pt
* \mag=1000
* \@twocolumnfalse
* \@twosidefalse
* \@mparswitchfalse
* \@reversemarginfalse
* (1in=72.27pt=25.4mm, 1cm=28.453pt)

(c:/texlive/2022/texmf-dist/tex/context/base/mkii/supp-pdf.mkii
[Loading MPS to PDF converter (version 2006.09.02).]
\scratchcounter=\count285
\scratchdimen=\dimen166
\scratchbox=\box55
\nofMPsegments=\count286
\nofMParguments=\count287
\everyMPshowfont=\toks21
\MPscratchCnt=\count288
\MPscratchDim=\dimen167
\MPnumerator=\count289
\makeMPintoPDFobject=\count290
\everyMPtoPDFconversion=\toks22
) (c:/texlive/2022/texmf-dist/tex/latex/epstopdf-pkg/epstopdf-base.sty
Package: epstopdf-base 2020-01-24 v2.11 Base part for package epstopdf
Package epstopdf-base Info: Redefining graphics rule for `.eps' on input line 485.
 (c:/texlive/2022/texmf-dist/tex/latex/latexconfig/epstopdf-sys.cfg
File: epstopdf-sys.cfg 2010/07/13 v1.3 Configuration of (r)epstopdf for TeX Live
))
\symgns@font=\mathgroup4
LaTeX Font Info:    Overwriting symbol font `gns@font' in version `bold'
(Font)                  TS1/cmr/m/n --> TS1/cmr/b/n on input line 13.
Package gensymb Info: Math companion symbols declared on input line 13.
LaTeX Info: Redefining \degree on input line 13.
LaTeX Info: Redefining \celsius on input line 13.
Package gensymb Info: Using text companion symbols for \degree, \celsius and \perthousand on input line 13.
LaTeX Info: Redefining \ohm on input line 13.
Package gensymb Info: Using \textohm for \ohm on input line 13.
Package gensymb Info: Using \textmu for \micro on input line 13.
Package caption Info: Begin \AtBeginDocument code.
Package caption Info: subfig package v1.3 is loaded.
Package caption Info: hyperref package is loaded.
Package caption Info: End \AtBeginDocument code.
Package hyperref Info: Link coloring OFF on input line 13.
 (./interim.out) (./interim.out)
\@outlinefile=\write3
\openout3 = `interim.out'.

<images/nottingham-logo.png, id=108, 191.94913pt x 70.8246pt>
File: images/nottingham-logo.png Graphic file (type png)
<use images/nottingham-logo.png>
Package pdftex.def Info: images/nottingham-logo.png  used on input line 20.
(pdftex.def)             Requested size: 212.03017pt x 78.23796pt.
LaTeX Font Info:    External font `cmex10' loaded for size
(Font)              <7> on input line 34.
LaTeX Font Info:    External font `cmex10' loaded for size
(Font)              <5> on input line 34.
 [1

{c:/texlive/2022/texmf-var/fonts/map/pdftex/updmap/pdftex.map} <./images/nottingham-logo.png>] [1] (./interim.toc
LaTeX Font Info:    External font `cmex10' loaded for size
(Font)              <10.95> on input line 2.
LaTeX Font Info:    External font `cmex10' loaded for size
(Font)              <8> on input line 2.
LaTeX Font Info:    External font `cmex10' loaded for size
(Font)              <6> on input line 2.
)
\tf@toc=\write4
\openout4 = `interim.toc'.

 [2]
<images/server_racks.jpg, id=158, 667.74469pt x 480.29437pt>
File: images/server_racks.jpg Graphic file (type jpg)
<use images/server_racks.jpg>
Package pdftex.def Info: images/server_racks.jpg  used on input line 78.
(pdftex.def)             Requested size: 212.03017pt x 152.51009pt.

pdfTeX warning (ext4): destination with the same identifier (name{page.1}) has been already used, duplicate ignored
<to be read again> 
                   \relax 
l.84 
      [1 <./images/server_racks.jpg>]
<images/server_racks_clean.jpg, id=165, 393.77019pt x 301.46915pt>
File: images/server_racks_clean.jpg Graphic file (type jpg)
<use images/server_racks_clean.jpg>
Package pdftex.def Info: images/server_racks_clean.jpg  used on input line 87.
(pdftex.def)             Requested size: 233.23447pt x 178.56445pt.
 [2 <./images/server_racks_clean.jpg>] [3]
<images/sunbirddcim.png, id=186, 2890.8pt x 1595.9625pt>
File: images/sunbirddcim.png Graphic file (type png)
<use images/sunbirddcim.png>
Package pdftex.def Info: images/sunbirddcim.png  used on input line 144.
(pdftex.def)             Requested size: 339.24956pt x 187.29427pt.
<images/pathfinder_overview.png, id=189, 813.0375pt x 1660.70438pt>
File: images/pathfinder_overview.png Graphic file (type png)
<use images/pathfinder_overview.png>
Package pdftex.def Info: images/pathfinder_overview.png  used on input line 158.
(pdftex.def)             Requested size: 113.81102pt x 232.44635pt.
<images/pathfinder_trace.png, id=190, 1084.05pt x 2204.235pt>
File: images/pathfinder_trace.png Graphic file (type png)
<use images/pathfinder_trace.png>
Package pdftex.def Info: images/pathfinder_trace.png  used on input line 160.
(pdftex.def)             Requested size: 113.81102pt x 231.40105pt.
 [4 <./images/sunbirddcim.png>] [5 <./images/pathfinder_overview.png> <./images/pathfinder_trace.png>] [6]
<images/barcode_mishra.png, id=229, 768.8725pt x 289.08pt>
File: images/barcode_mishra.png Graphic file (type png)
<use images/barcode_mishra.png>
Package pdftex.def Info: images/barcode_mishra.png  used on input line 204.
(pdftex.def)             Requested size: 318.04524pt x 119.5822pt.
 [7] [8 <./images/barcode_mishra.png>] [9]
<images/figma_prototype.png, id=272, 563.10374pt x 258.21469pt>
File: images/figma_prototype.png Graphic file (type png)
<use images/figma_prototype.png>
Package pdftex.def Info: images/figma_prototype.png  used on input line 272.
(pdftex.def)             Requested size: 424.06033pt x 194.45642pt.
 [10 <./images/figma_prototype.png>]
<images/top-level-archi.png, id=285, 691.164pt x 472.821pt>
File: images/top-level-archi.png Graphic file (type png)
<use images/top-level-archi.png>
Package pdftex.def Info: images/top-level-archi.png  used on input line 286.
(pdftex.def)             Requested size: 254.43878pt x 174.06084pt.
 [11 <./images/top-level-archi.png>]
<images/login.png, id=300, 1084.05pt x 2421.045pt>
File: images/login.png Graphic file (type png)
<use images/login.png>
Package pdftex.def Info: images/login.png  used on input line 303.
(pdftex.def)             Requested size: 71.13188pt x 158.85114pt.
<images/addcon.png, id=301, 1084.05pt x 2421.045pt>
File: images/addcon.png Graphic file (type png)
<use images/addcon.png>
Package pdftex.def Info: images/addcon.png  used on input line 305.
(pdftex.def)             Requested size: 71.13188pt x 158.85114pt.
<images/search.png, id=302, 1084.05pt x 2421.045pt>
File: images/search.png Graphic file (type png)
<use images/search.png>
Package pdftex.def Info: images/search.png  used on input line 308.
(pdftex.def)             Requested size: 71.13188pt x 158.85114pt.
 [12 <./images/login.png> <./images/addcon.png> <./images/search.png>] [13] [14] (./interim.bbl [15]
Underfull \hbox (badness 1215) in paragraph at lines 85--88
[]\OT1/cmr/m/n/10.95 J. Steen-bakker, ``mo-bile scan-ner.'' URL: []$\OT1/cmtt/m/n/10.95 https : / / pub . dev / packages / mobile _
 []


Underfull \hbox (badness 10000) in paragraph at lines 99--103
[]\OT1/cmr/m/n/10.95 UX De-sign In-sti-tute, ``The 9 best pro-to-typ-ing tools for ui/ux de-
 []


Underfull \hbox (badness 10000) in paragraph at lines 99--103
\OT1/cmr/m/n/10.95 sign-ers in 2022.'' URL: []$\OT1/cmtt/m/n/10.95 https : / / www . uxdesigninstitute . com / blog /
 []


Underfull \hbox (badness 2409) in paragraph at lines 120--123
[]\OT1/cmr/m/n/10.95 J. Steen-bakker, ``flut-ter se-cure stor-age.'' URL: []$\OT1/cmtt/m/n/10.95 https : / / pub . dev / packages /
 []


Underfull \hbox (badness 10000) in paragraph at lines 125--131
[]\OT1/cmr/m/n/10.95 C. Gree-halgh, ``Re-search ethics guide-lines for aca-demic staff, re-
 []


Underfull \hbox (badness 10000) in paragraph at lines 125--131
\OT1/cmr/m/n/10.95 searchers and stu-dents.'' URL: []$\OT1/cmtt/m/n/10.95 https : / / workspace . nottingham . ac . uk /
 []


Underfull \hbox (badness 10000) in paragraph at lines 125--131
\OT1/cmtt/m/n/10.95 display / CompSci / Research + Ethics + Guidelines + for + Academic + Staff % 2C +
 []


Underfull \hbox (badness 10000) in paragraph at lines 125--131
\OT1/cmtt/m/n/10.95 Researchers + and + Students # ResearchEthicsGuidelinesforAcademicStaff ,[]
 []

)
<images/trello-board.png, id=356, 887.56593pt x 353.06906pt>
File: images/trello-board.png Graphic file (type png)
<use images/trello-board.png>
Package pdftex.def Info: images/trello-board.png  used on input line 369.
(pdftex.def)             Requested size: 318.04524pt x 126.51215pt.
<images/keeptrack-gantt-initial.png, id=357, 289.08pt x 271.76532pt>
File: images/keeptrack-gantt-initial.png Graphic file (type png)
<use images/keeptrack-gantt-initial.png>
Package pdftex.def Info: images/keeptrack-gantt-initial.png  used on input line 376.
(pdftex.def)             Requested size: 318.04524pt x 299.00911pt.
 [16 <./images/trello-board.png>]
<images/keeptrack-gantt-interim.png, id=374, 375.65344pt x 273.27094pt>
File: images/keeptrack-gantt-interim.png Graphic file (type png)
<use images/keeptrack-gantt-interim.png>
Package pdftex.def Info: images/keeptrack-gantt-interim.png  used on input line 385.
(pdftex.def)             Requested size: 360.45386pt x 262.23285pt.
 [17 <./images/keeptrack-gantt-initial.png> <./images/keeptrack-gantt-interim.png>] (./interim.aux)
Package rerunfilecheck Info: File `interim.out' has not changed.
(rerunfilecheck)             Checksum: 22D2EE1683F8E37F8C3C10324FA39DBF;4421.
 ) 
Here is how much of TeX's memory you used:
 10631 strings out of 476888
 175006 string characters out of 5824620
 522463 words of memory out of 5000000
 31655 multiletter control sequences out of 15000+600000
 476967 words of font info for 53 fonts, out of 8000000 for 9000
 36 hyphenation exceptions out of 8191
 72i,10n,79p,1394b,545s stack positions out of 10000i,1000n,20000p,200000b,200000s
{c:/texlive/2022/texmf-dist/fonts/enc/dvips/cm-super/cm-super-ts1.enc}<c:/texlive/2022/texmf-dist/fonts/type1/public/amsfonts/cm/cmbx10.pfb><c:/texlive/2022/texmf-dist/fonts/type1/public/amsfonts/cm/cmbx12.pfb><c:/texlive/2022/texmf-dist/fonts/type1/public/amsfonts/cm/cmr10.pfb><c:/texlive/2022/texmf-dist/fonts/type1/public/amsfonts/cm/cmr12.pfb><c:/texlive/2022/texmf-dist/fonts/type1/public/amsfonts/cm/cmr17.pfb><c:/texlive/2022/texmf-dist/fonts/type1/public/amsfonts/cm/cmr9.pfb><c:/texlive/2022/texmf-dist/fonts/type1/public/amsfonts/cm/cmsy10.pfb><c:/texlive/2022/texmf-dist/fonts/type1/public/amsfonts/cm/cmti10.pfb><c:/texlive/2022/texmf-dist/fonts/type1/public/amsfonts/cm/cmtt10.pfb><c:/texlive/2022/texmf-dist/fonts/type1/public/cm-super/sfrm1095.pfb>
Output written on interim.pdf (20 pages, 5291543 bytes).
PDF statistics:
 450 PDF objects out of 1000 (max. 8388607)
 380 compressed objects within 4 object streams
 95 named destinations out of 1000 (max. 500000)
 284 words of extra memory for PDF output out of 10000 (max. 10000000)

